\BOOKMARK [0][-]{chapter.I}{Abstract}{}% 1
\BOOKMARK [0][-]{chapter.II}{R\351sum\351}{}% 2
\BOOKMARK [0][-]{chapter.III}{Acknowledgements}{}% 3
\BOOKMARK [0][-]{chapter.IV}{Table of Contents}{}% 4
\BOOKMARK [0][-]{chapter.V}{List of Figures}{}% 5
\BOOKMARK [0][-]{chapter.VI}{List of Tables}{}% 6
\BOOKMARK [0][-]{chapter.1}{Introduction}{}% 7
\BOOKMARK [1][-]{section.1.1}{Contributions}{chapter.1}% 8
\BOOKMARK [1][-]{section.1.2}{Thesis Outline}{chapter.1}% 9
\BOOKMARK [0][-]{chapter.2}{Introduction to X10 programming language}{}% 10
\BOOKMARK [1][-]{section.2.1}{Overview of X10's key sequential features}{chapter.2}% 11
\BOOKMARK [2][-]{subsection.2.1.1}{Object-oriented features}{section.2.1}% 12
\BOOKMARK [2][-]{subsection.2.1.2}{Statements}{section.2.1}% 13
\BOOKMARK [2][-]{subsection.2.1.3}{Types}{section.2.1}% 14
\BOOKMARK [1][-]{section.2.2}{Overview of X10's concurrency features}{chapter.2}% 15
\BOOKMARK [2][-]{subsection.2.2.1}{The APGAS Model}{section.2.2}% 16
\BOOKMARK [2][-]{subsection.2.2.2}{Async Construct}{section.2.2}% 17
\BOOKMARK [2][-]{subsection.2.2.3}{Finish Construct}{section.2.2}% 18
\BOOKMARK [2][-]{subsection.2.2.4}{Atomic and When Constructs}{section.2.2}% 19
\BOOKMARK [2][-]{subsection.2.2.5}{Places and At Construct}{section.2.2}% 20
\BOOKMARK [1][-]{section.2.3}{Overview of X10's implementation and runtime}{chapter.2}% 21
\BOOKMARK [0][-]{chapter.3}{Background and High level design}{}% 22
\BOOKMARK [0][-]{chapter.4}{Static analyses for performance and extended feature support}{}% 23
\BOOKMARK [0][-]{chapter.5}{Code generation}{}% 24
\BOOKMARK [0][-]{chapter.6}{Techniques for efficient compilation of Matlab arrays}{}% 25
\BOOKMARK [1][-]{section.6.1}{The Function Collection Object}{chapter.6}% 26
\BOOKMARK [1][-]{section.6.2}{The Interprocedural Analysis Framework}{chapter.6}% 27
\BOOKMARK [2][-]{subsection.6.2.1}{Contexts}{section.6.2}% 28
\BOOKMARK [2][-]{subsection.6.2.2}{Call Strings}{section.6.2}% 29
\BOOKMARK [2][-]{subsection.6.2.3}{Callsite}{section.6.2}% 30
\BOOKMARK [2][-]{subsection.6.2.4}{Recursion}{section.6.2}% 31
\BOOKMARK [1][-]{section.6.3}{Summary}{chapter.6}% 32
\BOOKMARK [0][-]{chapter.7}{Evaluation}{}% 33
\BOOKMARK [0][-]{chapter.8}{Related work}{}% 34
\BOOKMARK [0][-]{chapter.9}{Conclusions and Future Work}{}% 35
\BOOKMARK [0][-]{appendix.A}{XML structure for builtin framework}{}% 36
\BOOKMARK [0][-]{appendix.B}{isComplex analysis Propagation Language}{}% 37
\BOOKMARK [0][-]{appendix.C}{MiX10 IR Grammar}{}% 38
\BOOKMARK [0][-]{appendix.D}{Bibliography}{}% 39
